Determining if the pthread_create exist failed with the following output:
Change Dir: /home/lanceoom21/chip8/build/CMakeFiles/CMakeTmp

Run Build Command:"/usr/bin/make" "cmTC_a100e/fast"
/usr/bin/make -f CMakeFiles/cmTC_a100e.dir/build.make CMakeFiles/cmTC_a100e.dir/build
make[1]: Entering directory '/home/lanceoom21/chip8/build/CMakeFiles/CMakeTmp'
Building C object CMakeFiles/cmTC_a100e.dir/CheckSymbolExists.c.o
/usr/bin/clang-7     -o CMakeFiles/cmTC_a100e.dir/CheckSymbolExists.c.o   -c /home/lanceoom21/chip8/build/CMakeFiles/CMakeTmp/CheckSymbolExists.c
Linking C executable cmTC_a100e
/usr/bin/cmake -E cmake_link_script CMakeFiles/cmTC_a100e.dir/link.txt --verbose=1
/usr/bin/clang-7       CMakeFiles/cmTC_a100e.dir/CheckSymbolExists.c.o  -o cmTC_a100e 
CMakeFiles/cmTC_a100e.dir/CheckSymbolExists.c.o: In function `main':
CheckSymbolExists.c:(.text+0x19): undefined reference to `pthread_create'
clang: error: linker command failed with exit code 1 (use -v to see invocation)
CMakeFiles/cmTC_a100e.dir/build.make:97: recipe for target 'cmTC_a100e' failed
make[1]: *** [cmTC_a100e] Error 1
make[1]: Leaving directory '/home/lanceoom21/chip8/build/CMakeFiles/CMakeTmp'
Makefile:126: recipe for target 'cmTC_a100e/fast' failed
make: *** [cmTC_a100e/fast] Error 2

File /home/lanceoom21/chip8/build/CMakeFiles/CMakeTmp/CheckSymbolExists.c:
/* */
#include <pthread.h>

int main(int argc, char** argv)
{
  (void)argv;
#ifndef pthread_create
  return ((int*)(&pthread_create))[argc];
#else
  (void)argc;
  return 0;
#endif
}

